This is pdfTeX, Version 3.1415926-2.5-1.40.14 (TeX Live 2013) (format=latex 2020.7.14)  14 JUL 2020 18:21
entering extended mode
 restricted \write18 enabled.
 %&-line parsing enabled.
**_formulas.tex
(./_formulas.tex
LaTeX2e <2011/06/27>
Babel <v3.8m> and hyphenation patterns for english, dumylang, nohyphenation, lo
aded.

(/usr/share/texlive/texmf-dist/tex/latex/base/article.cls
Document Class: article 2007/10/19 v1.4h Standard LaTeX document class
(/usr/share/texlive/texmf-dist/tex/latex/base/size10.clo
File: size10.clo 2007/10/19 v1.4h Standard LaTeX file (size option)
)
\c@part=\count79
\c@section=\count80
\c@subsection=\count81
\c@subsubsection=\count82
\c@paragraph=\count83
\c@subparagraph=\count84
\c@figure=\count85
\c@table=\count86
\abovecaptionskip=\skip41
\belowcaptionskip=\skip42
\bibindent=\dimen102
) (/usr/share/texlive/texmf-dist/tex/latex/graphics/epsfig.sty
Package: epsfig 1999/02/16 v1.7a (e)psfig emulation (SPQR)
(/usr/share/texlive/texmf-dist/tex/latex/graphics/graphicx.sty
Package: graphicx 1999/02/16 v1.0f Enhanced LaTeX Graphics (DPC,SPQR)
(/usr/share/texlive/texmf-dist/tex/latex/graphics/keyval.sty
Package: keyval 1999/03/16 v1.13 key=value parser (DPC)
\KV@toks@=\toks14
) (/usr/share/texlive/texmf-dist/tex/latex/graphics/graphics.sty
Package: graphics 2009/02/05 v1.0o Standard LaTeX Graphics (DPC,SPQR)
(/usr/share/texlive/texmf-dist/tex/latex/graphics/trig.sty
Package: trig 1999/03/16 v1.09 sin cos tan (DPC)
) (/usr/share/texlive/texmf-dist/tex/latex/latexconfig/graphics.cfg
File: graphics.cfg 2010/04/23 v1.9 graphics configuration of TeX Live
)
Package graphics Info: Driver file: dvips.def on input line 91.
(/usr/share/texlive/texmf-dist/tex/latex/graphics/dvips.def
File: dvips.def 1999/02/16 v3.0i Driver-dependant file (DPC,SPQR)
))
\Gin@req@height=\dimen103
\Gin@req@width=\dimen104
)
\epsfxsize=\dimen105
\epsfysize=\dimen106
) (/usr/share/texlive/texmf-dist/tex/latex/amsmath/amsmath.sty
Package: amsmath 2013/01/14 v2.14 AMS math features
\@mathmargin=\skip43
For additional information on amsmath, use the `?' option.
(/usr/share/texlive/texmf-dist/tex/latex/amsmath/amstext.sty
Package: amstext 2000/06/29 v2.01
(/usr/share/texlive/texmf-dist/tex/latex/amsmath/amsgen.sty
File: amsgen.sty 1999/11/30 v2.0
\@emptytoks=\toks15
\ex@=\dimen107
)) (/usr/share/texlive/texmf-dist/tex/latex/amsmath/amsbsy.sty
Package: amsbsy 1999/11/29 v1.2d
\pmbraise@=\dimen108
) (/usr/share/texlive/texmf-dist/tex/latex/amsmath/amsopn.sty
Package: amsopn 1999/12/14 v2.01 operator names
)
\inf@bad=\count87
LaTeX Info: Redefining \frac on input line 210.
\uproot@=\count88
\leftroot@=\count89
LaTeX Info: Redefining \overline on input line 306.
\classnum@=\count90
\DOTSCASE@=\count91
LaTeX Info: Redefining \ldots on input line 378.
LaTeX Info: Redefining \dots on input line 381.
LaTeX Info: Redefining \cdots on input line 466.
\Mathstrutbox@=\box26
\strutbox@=\box27
\big@size=\dimen109
LaTeX Font Info:    Redeclaring font encoding OML on input line 566.
LaTeX Font Info:    Redeclaring font encoding OMS on input line 567.
\macc@depth=\count92
\c@MaxMatrixCols=\count93
\dotsspace@=\muskip10
\c@parentequation=\count94
\dspbrk@lvl=\count95
\tag@help=\toks16
\row@=\count96
\column@=\count97
\maxfields@=\count98
\andhelp@=\toks17
\eqnshift@=\dimen110
\alignsep@=\dimen111
\tagshift@=\dimen112
\tagwidth@=\dimen113
\totwidth@=\dimen114
\lineht@=\dimen115
\@envbody=\toks18
\multlinegap=\skip44
\multlinetaggap=\skip45
\mathdisplay@stack=\toks19
LaTeX Info: Redefining \[ on input line 2665.
LaTeX Info: Redefining \] on input line 2666.
) (/usr/share/texlive/texmf-dist/tex/latex/amsfonts/amsfonts.sty
Package: amsfonts 2013/01/14 v3.01 Basic AMSFonts support
\symAMSa=\mathgroup4
\symAMSb=\mathgroup5
LaTeX Font Info:    Overwriting math alphabet `\mathfrak' in version `bold'
(Font)                  U/euf/m/n --> U/euf/b/n on input line 106.
)
No file _formulas.aux.
\openout1 = `_formulas.aux'.

LaTeX Font Info:    Checking defaults for OML/cmm/m/it on input line 7.
LaTeX Font Info:    ... okay on input line 7.
LaTeX Font Info:    Checking defaults for T1/cmr/m/n on input line 7.
LaTeX Font Info:    ... okay on input line 7.
LaTeX Font Info:    Checking defaults for OT1/cmr/m/n on input line 7.
LaTeX Font Info:    ... okay on input line 7.
LaTeX Font Info:    Checking defaults for OMS/cmsy/m/n on input line 7.
LaTeX Font Info:    ... okay on input line 7.
LaTeX Font Info:    Checking defaults for OMX/cmex/m/n on input line 7.
LaTeX Font Info:    ... okay on input line 7.
LaTeX Font Info:    Checking defaults for U/cmr/m/n on input line 7.
LaTeX Font Info:    ... okay on input line 7.
LaTeX Font Info:    Try loading font information for U+msa on input line 8.
(/usr/share/texlive/texmf-dist/tex/latex/amsfonts/umsa.fd
File: umsa.fd 2013/01/14 v3.01 AMS symbols A
)
LaTeX Font Info:    Try loading font information for U+msb on input line 8.
(/usr/share/texlive/texmf-dist/tex/latex/amsfonts/umsb.fd
File: umsb.fd 2013/01/14 v3.01 AMS symbols B
) [1

] [2] [3] [4] [5] [6] [7] [8] [9] [10] [11] [12] [13] [14] [15] [16] [17] [18] 
[19]
Overfull \hbox (134.23824pt too wide) detected at line 65
\OML/cmm/m/it/10 j[] \OT1/cmr/m/n/10 = \OML/cmm/m/it/10 j[] [] [] j[] \OT1/cmr/
m/n/10 = \OML/cmm/m/it/10 k[]\OT1/cmr/m/n/10 (\OML/cmm/m/it/10 C[]\OT1/cmr/m/n/
10 )[][][]
 []

[20] [21] [22] [23] [24] [25] [26] [27] [28] [29]
Overfull \hbox (509.45117pt too wide) detected at line 95
\OML/cmm/m/it/10 Q[] \OT1/cmr/m/n/10 = \OML/cmm/m/it/10 Faj[]\OT1/cmr/m/n/10 (\
OML/cmm/m/it/10 ^^^[] \OMS/cmsy/m/n/10 ^^@ \OML/cmm/m/it/10 ^^^[] \OMS/cmsy/m/n
/10 ^^@ \OML/cmm/m/it/10 U\OT1/cmr/m/n/10 ) [][] \OML/cmm/m/it/10 Q[] \OT1/cmr/
m/n/10 = \OML/cmm/m/it/10 Faj[]^^R[] [][] Q[] \OT1/cmr/m/n/10 = \OMS/cmsy/m/n/1
0 ^^@[][] ^^A r\OML/cmm/m/it/10 ^^^[] \OMS/cmsy/m/n/10 ^^@ [][] ^^A r\OML/cmm/m
/it/10 ^^^[] [][] Q[] \OT1/cmr/m/n/10 = \OMS/cmsy/m/n/10 ^^@[][] ^^A r\OML/cmm/
m/it/10 ^^^[] []
 []

[30] [31] [32] [33] [34] [35] [36] [37] [38] [39] [40] [41] [42] [43] [44] [45]
[46] [47] [48] [49] [50] [51] [52] [53] [54] [55] [56] [57] [58] [59] [60] [61]
[62] [63] [64] [65] [66] [67] [68] [69] [70] [71] [72] [73] [74] [75] [76] [77]
[78] [79] [80] [81] [82] [83] [84] [85] [86] [87] [88] [89] [90] [91] [92] [93]
[94] [95] [96] [97] [98] [99]
Overfull \hbox (325.75772pt too wide) detected at line 305
[] \OMS/cmsy/m/n/10 ! [][] \OT1/cmr/m/n/10 + \OML/cmm/m/it/10 q[];  [][] [][] \
OT1/cmr/m/n/10 + \OML/cmm/m/it/10 q[] \OMS/cmsy/m/n/10 ! []\OML/cmm/m/it/10 ;  
[]:
 []

[100]
Overfull \hbox (139.65492pt too wide) detected at line 308
\OML/cmm/m/it/10 j[] \OT1/cmr/m/n/10 = \OML/cmm/m/it/10 j[] [] [] j[] \OT1/cmr/
m/n/10 = \OML/cmm/m/it/10 k[]\OT1/cmr/m/n/10 (\OML/cmm/m/it/10 C[]\OT1/cmr/m/n/
10 )[][][][]
 []

[101] [102] [103] [104]
Overfull \hbox (69.40201pt too wide) detected at line 320
\OML/cmm/m/it/10 q[] \OT1/cmr/m/n/10 = \OML/cmm/m/it/10 Fj[]\OT1/cmr/m/n/10 (\O
ML/cmm/m/it/10 ^^^[] \OMS/cmsy/m/n/10 ^^@ \OML/cmm/m/it/10 ^^^[] \OMS/cmsy/m/n/
10 ^^@ \OML/cmm/m/it/10 U\OT1/cmr/m/n/10 );  [][] \OML/cmm/m/it/10 q[] \OT1/cmr
/m/n/10 = \OML/cmm/m/it/10 Fj[]^^R[]\OT1/cmr/m/n/10 ;  []
 []

[105] [106]
Overfull \hbox (105.36555pt too wide) detected at line 326
[][][] \OT1/cmr/m/n/10 = \OMS/cmsy/m/n/10 ^^@\OT1/cmr/m/n/10 (2\OML/cmm/m/it/10
 ^^Q \OMS/cmsy/m/n/10 ^^A \OML/cmm/m/it/10 "\OT1/cmr/m/n/10 ([]) \OMS/cmsy/m/n/
10 ^^@ \OML/cmm/m/it/10 p[]\OT1/cmr/m/n/10 )[][] []^^@[][] [][][] = \OMS/cmsy/m
/n/10 ^^@\OT1/cmr/m/n/10 (2\OML/cmm/m/it/10 ^^Q \OMS/cmsy/m/n/10 ^^A \OML/cmm/m
/it/10 "\OT1/cmr/m/n/10 ([]) \OMS/cmsy/m/n/10 ^^@ \OML/cmm/m/it/10 p[]\OT1/cmr/
m/n/10 )[][] []^^@[][] [][][] = \OMS/cmsy/m/n/10 ^^@\OT1/cmr/m/n/10 (2\OML/cmm/
m/it/10 ^^Q \OMS/cmsy/m/n/10 ^^A \OML/cmm/m/it/10 "\OT1/cmr/m/n/10 ([]) \OMS/cm
sy/m/n/10 ^^@ \OML/cmm/m/it/10 p[]\OT1/cmr/m/n/10 )[][] []^^@[]
 []

[107] [108] [109] [110] [111] [112] [113] [114] [115] [116] [117] [118] [119] [
120] [121]
! Undefined control sequence.
l.371 \[ \mathscr
                 {R}=\int_{\Omega_{\text{e}}}w\frac{\partial C}{\partial t}\...
The control sequence at the end of the top line
of your error message was never \def'ed. If you have
misspelled it (e.g., `\hobx'), type `I' and the correct
spelling (e.g., `I\hbox'). Otherwise just continue,
and I'll forget about whatever was undefined.

[122] [123] [124] [125] [126]
! Undefined control sequence.
l.386 \[ \mathscr
                 {R}_u=\int_{\Omega_{\text{e}}}\nabla \boldsymbol{w}\boldsym...
The control sequence at the end of the top line
of your error message was never \def'ed. If you have
misspelled it (e.g., `\hobx'), type `I' and the correct
spelling (e.g., `I\hbox'). Otherwise just continue,
and I'll forget about whatever was undefined.

[127] [128] [129] [130] [131] [132] [133] [134] [135] [136] [137] [138] [139] [
140] [141] [142] [143] [144] [145] [146] [147] [148] [149] [150] [151] [152] [1
53] [154] (./_formulas.aux)

LaTeX Warning: Label(s) may have changed. Rerun to get cross-references right.

 ) 
Here is how much of TeX's memory you used:
 1237 strings out of 495064
 14643 string characters out of 3182224
 65333 words of memory out of 3000000
 4445 multiletter control sequences out of 15000+200000
 8096 words of font info for 31 fonts, out of 3000000 for 9000
 14 hyphenation exceptions out of 8191
 32i,9n,24p,502b,127s stack positions out of 5000i,500n,10000p,200000b,50000s

Output written on _formulas.dvi (154 pages, 26964 bytes).
